{
  "stats": {
    "suites": 2,
    "tests": 7,
    "passes": 5,
    "pending": 0,
    "failures": 2,
    "start": "2018-05-02T18:09:47.613Z",
    "end": "2018-05-02T18:10:00.208Z",
    "duration": 12595,
    "testsRegistered": 7,
    "passPercent": 71.4,
    "pendingPercent": 0,
    "other": 0,
    "hasOther": false,
    "skipped": 0,
    "hasSkipped": false,
    "passPercentClass": "warning",
    "pendingPercentClass": "danger"
  },
  "suites": {
    "uuid": "4e5079be-ad84-4cce-bdef-1ee68bdcfa7b",
    "title": "",
    "fullFile": "",
    "file": "",
    "beforeHooks": [],
    "afterHooks": [],
    "tests": [
      {
        "title": "should add a workout",
        "fullTitle": "should add a workout",
        "timedOut": false,
        "duration": 10856,
        "state": "passed",
        "speed": "slow",
        "pass": true,
        "fail": false,
        "pending": false,
        "code": "this.timeout(1200000);\n(0, _supertest2.default)(_app.app).post('/api/workouts').set('Authorization', 'BEARER eyJhbGciOiJIUzI1NiJ9.Y29ubm9y.0ZtAOqXptUFcMQOohJokS-x1GGw0pJRotjnOjKZFlug').send({ workoutName: 'Jims Back Workout', trainer: 'Jimmy Cricket', exercise1: 'Wide Grip Pull Ups', exercise2: 'Deadlifts', difficulty: 'Beginner', timeInMins: 60 }).expect('Content-type', /json/).expect(201).end(function (err, res) {\n  res.status.should.equal(201);\n  res.body.should.have.property('_id');\n  res.body.workoutName.should.equal('Jims Back Workout');\n  done();\n});",
        "err": {},
        "isRoot": true,
        "uuid": "65284b2e-d2eb-48b7-a715-bba8cae4d7d5",
        "isHook": false,
        "skipped": false
      },
      {
        "title": "should delete workout",
        "fullTitle": "should delete workout",
        "timedOut": false,
        "duration": 0,
        "state": "failed",
        "pass": false,
        "fail": true,
        "pending": false,
        "code": "var superserver = (0, _supertest2.default)(_app.app);\nsuperserver.get('/api/workouts').set('Authorization', 'BEARER eyJhbGciOiJIUzI1NiJ9.Y29ubm9y.0ZtAOqXptUFcMQOohJokS-x1GGw0pJRotjnOjKZFlug').expect('Content-type', /json/).expect(200).expect('Content-type', /json/).expect(200) // This is HTTP response\n.end(function (err, res) {\n  var id = res.body[0]._id;\n  superserver.delete('/api/workouts/' + id).expect('Content-type', /json/).expect(200).expect(200) // This is HTTP response\n  .end(function (err, res) {\n    res.status.should.equal(204);\n    done();\n  });\n});",
        "err": {
          "message": "AssertionError: expected 401 to be 204",
          "estack": "AssertionError: expected 401 to be 204\n    at Assertion.fail (node_modules\\should\\cjs\\should.js:275:17)\n    at Assertion.value (node_modules\\should\\cjs\\should.js:356:19)\n    at Test.<anonymous> (C:/Users/conno/Desktop/api-project/test/testWorkout.js:59:36)\n    at Test.assert (node_modules\\supertest\\lib\\test.js:179:6)\n    at Server.assert (node_modules\\supertest\\lib\\test.js:131:12)\n    at emitCloseNT (net.js:1655:8)\n    at _combinedTickCallback (internal/process/next_tick.js:135:11)\n    at process._tickCallback (internal/process/next_tick.js:180:9)",
          "diff": "- 401\n+ 204\n"
        },
        "isRoot": true,
        "uuid": "ceb9512f-2cbc-4bab-ba4e-ce162e5fe286",
        "isHook": false,
        "skipped": false
      },
      {
        "title": "should update a workout",
        "fullTitle": "should update a workout",
        "timedOut": false,
        "duration": 0,
        "state": "failed",
        "pass": false,
        "fail": true,
        "pending": false,
        "code": "this.timeout(120000);\nvar superserver = (0, _supertest2.default)(_app.app);\nsuperserver.get('/api/workouts').set('Authorization', 'BEARER eyJhbGciOiJIUzI1NiJ9.Y29ubm9y.0ZtAOqXptUFcMQOohJokS-x1GGw0pJRotjnOjKZFlug').expect('Content-type', /json/).expect(200).expect('Content-type', /json/).expect(200).end(function (err, res) {\n  var id = res.body[0]._id;\n  superserver.put('/api/workouts/' + id).send({ difficulty: 'Intermediate' }).expect('Content-type', /json/).expect(201).end(function (err, res) {\n    res.status.should.equal(201);\n    res.body.difficulty.should.equal('Intermediate');\n    done();\n  });\n});",
        "err": {
          "message": "AssertionError: expected 401 to be 201",
          "estack": "AssertionError: expected 401 to be 201\n    at Assertion.fail (node_modules\\should\\cjs\\should.js:275:17)\n    at Assertion.value (node_modules\\should\\cjs\\should.js:356:19)\n    at Test.<anonymous> (C:/Users/conno/Desktop/api-project/test/testWorkout.js:88:26)\n    at Test.assert (node_modules\\supertest\\lib\\test.js:179:6)\n    at Server.assert (node_modules\\supertest\\lib\\test.js:131:12)\n    at emitCloseNT (net.js:1655:8)\n    at _combinedTickCallback (internal/process/next_tick.js:135:11)\n    at process._tickCallback (internal/process/next_tick.js:180:9)",
          "diff": "- 401\n+ 201\n"
        },
        "isRoot": true,
        "uuid": "2130c537-2896-410f-a4c0-6f0601ca1498",
        "isHook": false,
        "skipped": false
      }
    ],
    "suites": [
      {
        "uuid": "ec071859-4018-49ca-94a0-e7c2d44ba1c9",
        "title": "Users API unit test",
        "fullFile": "C:\\Users\\conno\\Desktop\\api-project\\test\\testUsers.js",
        "file": "\\test\\testUsers.js",
        "beforeHooks": [],
        "afterHooks": [],
        "tests": [
          {
            "title": "should return collection of JSON documents",
            "fullTitle": "Users API unit test should return collection of JSON documents",
            "timedOut": false,
            "duration": 15,
            "state": "passed",
            "speed": "fast",
            "pass": true,
            "fail": false,
            "pending": false,
            "code": "(0, _supertest2.default)(_app.app).get('/api/users').expect('Content-type', /json/).expect(200) // This is the HTTP response\n.end(function (err, res) {\n  res.status.should.equal(200);\n  done();\n});",
            "err": {},
            "isRoot": false,
            "uuid": "91479603-0ca2-4011-a4f5-030dae99ccb0",
            "isHook": false,
            "skipped": false
          },
          {
            "title": "should register a user",
            "fullTitle": "Users API unit test should register a user",
            "timedOut": false,
            "duration": 742,
            "state": "passed",
            "speed": "slow",
            "pass": true,
            "fail": false,
            "pending": false,
            "code": "(0, _supertest2.default)(_app.app).post('/api/users').query({ action: 'register' }).send({ username: 'jimmy', password: 'football' }).expect('Content-type', /json/).expect(201).end(function (err, res) {\n  res.status.should.equal(201);\n  res.body.success.should.equal(true);\n  done();\n});",
            "err": {},
            "isRoot": false,
            "uuid": "da0f65e2-ca48-4788-8c32-bfd3bfd117e3",
            "isHook": false,
            "skipped": false
          },
          {
            "title": "should authenticate a user",
            "fullTitle": "Users API unit test should authenticate a user",
            "timedOut": false,
            "duration": 488,
            "state": "passed",
            "speed": "slow",
            "pass": true,
            "fail": false,
            "pending": false,
            "code": "(0, _supertest2.default)(_app.app).post('/api/users').send({ username: 'connor', password: 'cat' }).expect('Content-type', /json/).expect(201).end(function (err, res) {\n  res.status.should.equal(200);\n  res.body.token.substring(0, 3).should.equal('JWT');\n  done();\n});",
            "err": {},
            "isRoot": false,
            "uuid": "0502faa9-5e94-41e8-b68a-00089a0a48b4",
            "isHook": false,
            "skipped": false
          }
        ],
        "suites": [],
        "passes": [
          "91479603-0ca2-4011-a4f5-030dae99ccb0",
          "da0f65e2-ca48-4788-8c32-bfd3bfd117e3",
          "0502faa9-5e94-41e8-b68a-00089a0a48b4"
        ],
        "failures": [],
        "pending": [],
        "skipped": [],
        "duration": 1245,
        "root": false,
        "rootEmpty": false,
        "_timeout": 120000
      },
      {
        "uuid": "880ba8cc-b13f-40b8-ba33-6f64949dffe2",
        "title": "Workouts API unit test",
        "fullFile": "C:\\Users\\conno\\Desktop\\api-project\\test\\testWorkout.js",
        "file": "\\test\\testWorkout.js",
        "beforeHooks": [],
        "afterHooks": [],
        "tests": [
          {
            "title": "should return collection of JSON documents",
            "fullTitle": "Workouts API unit test should return collection of JSON documents",
            "timedOut": false,
            "duration": 22,
            "state": "passed",
            "speed": "fast",
            "pass": true,
            "fail": false,
            "pending": false,
            "code": "(0, _supertest2.default)(_app.app).get('/api/workouts').set('Authorization', 'BEARER eyJhbGciOiJIUzI1NiJ9.Y29ubm9y.0ZtAOqXptUFcMQOohJokS-x1GGw0pJRotjnOjKZFlug').expect('Content-type', /json/).expect(200).end(function (err, res) {\n  res.status.should.equal(200);\n  done();\n});",
            "err": {},
            "isRoot": false,
            "uuid": "381729e6-e0e5-49aa-aa7f-64024214df72",
            "isHook": false,
            "skipped": false
          }
        ],
        "suites": [],
        "passes": [
          "381729e6-e0e5-49aa-aa7f-64024214df72"
        ],
        "failures": [],
        "pending": [],
        "skipped": [],
        "duration": 22,
        "root": false,
        "rootEmpty": false,
        "_timeout": 120000
      }
    ],
    "passes": [
      "65284b2e-d2eb-48b7-a715-bba8cae4d7d5"
    ],
    "failures": [
      "ceb9512f-2cbc-4bab-ba4e-ce162e5fe286",
      "2130c537-2896-410f-a4c0-6f0601ca1498"
    ],
    "pending": [],
    "skipped": [],
    "duration": null,
    "root": true,
    "rootEmpty": false,
    "_timeout": 2000
  },
  "copyrightYear": 2018
}