{
  "stats": {
    "suites": 3,
    "tests": 8,
    "passes": 6,
    "pending": 0,
    "failures": 2,
    "start": "2018-04-30T14:44:25.087Z",
    "end": "2018-04-30T14:44:34.152Z",
    "duration": 9065,
    "testsRegistered": 8,
    "passPercent": 75,
    "pendingPercent": 0,
    "other": 0,
    "hasOther": false,
    "skipped": 0,
    "hasSkipped": false,
    "passPercentClass": "warning",
    "pendingPercentClass": "danger"
  },
  "suites": {
    "uuid": "f61e48fb-b27f-4196-b0a2-5fb638763dc9",
    "title": "",
    "fullFile": "",
    "file": "",
    "beforeHooks": [],
    "afterHooks": [],
    "tests": [],
    "suites": [
      {
        "uuid": "1d7145ce-aad4-487f-84b1-7e49d321e495",
        "title": "Users API unit test",
        "fullFile": "C:\\Users\\conno\\Desktop\\api-project\\test\\testUsers.js",
        "file": "\\test\\testUsers.js",
        "beforeHooks": [],
        "afterHooks": [],
        "tests": [
          {
            "title": "should return collection of JSON documents",
            "fullTitle": "Users API unit test should return collection of JSON documents",
            "timedOut": false,
            "duration": 7458,
            "state": "passed",
            "speed": "slow",
            "pass": true,
            "fail": false,
            "pending": false,
            "code": "(0, _supertest2.default)(_app.app).get('/api/users').expect('Content-type', /json/).expect(200) // This is the HTTP response\n.end(function (err, res) {\n  res.status.should.equal(200);\n  done();\n});",
            "err": {},
            "isRoot": false,
            "uuid": "49ead0be-5f1f-437a-b4e8-efc85c5fd8ab",
            "isHook": false,
            "skipped": false
          },
          {
            "title": "should register a user",
            "fullTitle": "Users API unit test should register a user",
            "timedOut": false,
            "duration": 1000,
            "state": "passed",
            "speed": "slow",
            "pass": true,
            "fail": false,
            "pending": false,
            "code": "(0, _supertest2.default)(_app.app).post('/api/users').query({ action: 'register' }).send({ username: 'jimmy', password: 'football' }).expect('Content-type', /json/).expect(201).end(function (err, res) {\n  res.status.should.equal(201);\n  res.body.success.should.equal(true);\n  done();\n});",
            "err": {},
            "isRoot": false,
            "uuid": "a1c5fb87-bb1b-46f7-9393-8282375b2b04",
            "isHook": false,
            "skipped": false
          },
          {
            "title": "should authenticate a user",
            "fullTitle": "Users API unit test should authenticate a user",
            "timedOut": false,
            "duration": 450,
            "state": "passed",
            "speed": "slow",
            "pass": true,
            "fail": false,
            "pending": false,
            "code": "(0, _supertest2.default)(_app.app).post('/api/users').send({ username: 'connor', password: 'cat' }).expect('Content-type', /json/).expect(201).end(function (err, res) {\n  res.status.should.equal(200);\n  res.body.token.substring(0, 3).should.equal('JWT');\n  done();\n});",
            "err": {},
            "isRoot": false,
            "uuid": "264bae0d-497d-4374-a1f8-449e2ac69b38",
            "isHook": false,
            "skipped": false
          }
        ],
        "suites": [],
        "passes": [
          "49ead0be-5f1f-437a-b4e8-efc85c5fd8ab",
          "a1c5fb87-bb1b-46f7-9393-8282375b2b04",
          "264bae0d-497d-4374-a1f8-449e2ac69b38"
        ],
        "failures": [],
        "pending": [],
        "skipped": [],
        "duration": 8908,
        "root": false,
        "rootEmpty": false,
        "_timeout": 120000
      },
      {
        "uuid": "a69f2cd5-67b0-4121-b525-9699718baf01",
        "title": "Workouts API unit test",
        "fullFile": "C:\\Users\\conno\\Desktop\\api-project\\test\\testWorkout.js",
        "file": "\\test\\testWorkout.js",
        "beforeHooks": [],
        "afterHooks": [],
        "tests": [
          {
            "title": "should return collection of JSON documents",
            "fullTitle": "Workouts API unit test should return collection of JSON documents",
            "timedOut": false,
            "duration": 22,
            "state": "passed",
            "speed": "fast",
            "pass": true,
            "fail": false,
            "pending": false,
            "code": "(0, _supertest2.default)(_app.app).get('/api/workouts').set('Authorization', 'BEARER eyJhbGciOiJIUzI1NiJ9.Y29ubm9y.0ZtAOqXptUFcMQOohJokS-x1GGw0pJRotjnOjKZFlug').expect('Content-type', /json/).expect(200).end(function (err, res) {\n  res.status.should.equal(200);\n  done();\n});",
            "err": {},
            "isRoot": false,
            "uuid": "8517a7d0-69ca-4fa7-be0f-a4698f456b18",
            "isHook": false,
            "skipped": false
          },
          {
            "title": "should add a workout",
            "fullTitle": "Workouts API unit test should add a workout",
            "timedOut": false,
            "duration": 20,
            "state": "passed",
            "speed": "fast",
            "pass": true,
            "fail": false,
            "pending": false,
            "code": "this.timeout(1200000);\n(0, _supertest2.default)(_app.app).post('/api/workouts').set('Authorization', 'BEARER eyJhbGciOiJIUzI1NiJ9.Y29ubm9y.0ZtAOqXptUFcMQOohJokS-x1GGw0pJRotjnOjKZFlug').send({ workoutName: 'Jims Back Workout', trainer: 'Jimmy Cricket', exercise1: 'Wide Grip Pull Ups', exercise2: 'Deadlifts', difficulty: 'Beginner', timeInMins: '60' }).expect('Content-type', /json/).expect(201).end(function (err, res) {\n  res.status.should.equal(201);\n  res.body.should.have.property('_id');\n  res.body.workoutName.should.equal('Jims Back Workout');\n  done();\n});",
            "err": {},
            "isRoot": false,
            "uuid": "baeed6fb-e5aa-4467-a840-e2940a751d11",
            "isHook": false,
            "skipped": false
          },
          {
            "title": "should delete workout",
            "fullTitle": "Workouts API unit test should delete workout",
            "timedOut": false,
            "duration": 0,
            "state": "failed",
            "pass": false,
            "fail": true,
            "pending": false,
            "code": "var superserver = (0, _supertest2.default)(_app.app);\nsuperserver.get('/api/workouts').set('Authorization', 'BEARER eyJhbGciOiJIUzI1NiJ9.Y29ubm9y.0ZtAOqXptUFcMQOohJokS-x1GGw0pJRotjnOjKZFlug').expect('Content-type', /json/).expect(200) // This is HTTP response\n.end(function (err, res) {\n  var id = res.body[0]._id;\n  superserver.delete('/api/workouts/' + id).expect('Content-type', /json/).expect(200) // This is HTTP response\n  .end(function (err, res) {\n    res.status.should.equal(204);\n    done();\n  });\n});",
            "err": {
              "message": "AssertionError: expected 401 to be 204",
              "estack": "AssertionError: expected 401 to be 204\n    at Assertion.fail (node_modules\\should\\cjs\\should.js:275:17)\n    at Assertion.value (node_modules\\should\\cjs\\should.js:356:19)\n    at Test.<anonymous> (C:/Users/conno/Desktop/api-project/test/testWorkout.js:70:36)\n    at Test.assert (node_modules\\supertest\\lib\\test.js:179:6)\n    at Server.assert (node_modules\\supertest\\lib\\test.js:131:12)\n    at emitCloseNT (net.js:1655:8)\n    at _combinedTickCallback (internal/process/next_tick.js:135:11)\n    at process._tickCallback (internal/process/next_tick.js:180:9)",
              "diff": "- 401\n+ 204\n"
            },
            "isRoot": false,
            "uuid": "ddd6c20b-e1cf-4da2-b72e-0e80a3dc948c",
            "isHook": false,
            "skipped": false
          },
          {
            "title": "should update a workout",
            "fullTitle": "Workouts API unit test should update a workout",
            "timedOut": false,
            "duration": 0,
            "state": "failed",
            "pass": false,
            "fail": true,
            "pending": false,
            "code": "this.timeout(120000);\nvar superserver = (0, _supertest2.default)(_app.app);\nsuperserver.get('/api/workouts')\n//.set('Authorization', 'BEARER eyJhbGciOiJIUzI1NiJ9.U2Vhbg.kcSaZwPVIm7cKjHOzkuSmyVLxVOhQudbjWpoZR0MFi4')\n.expect('Content-type', /json/).expect(200).end(function (err, res) {\n  var id = res.body[1]._id;\n  superserver.put('/api/workouts/' + id).send({ difficulty: 'Intermediate' }).expect('Content-type', /json/).expect(200).end(function (err, res) {\n    res.status.should.equal(200);\n    res.body.difficulty.should.equal('Intermediate');\n    done();\n  });\n});",
            "err": {
              "message": "TypeError: Cannot read property '_id' of undefined",
              "estack": "TypeError: Cannot read property '_id' of undefined\n    at Test.<anonymous> (C:/Users/conno/Desktop/api-project/test/testWorkout.js:90:32)\n    at Test.assert (node_modules\\supertest\\lib\\test.js:179:6)\n    at Server.assert (node_modules\\supertest\\lib\\test.js:131:12)\n    at emitCloseNT (net.js:1655:8)\n    at _combinedTickCallback (internal/process/next_tick.js:135:11)\n    at process._tickCallback (internal/process/next_tick.js:180:9)"
            },
            "isRoot": false,
            "uuid": "ed676b14-4f4c-49c3-833c-bd6fd5453c6a",
            "isHook": false,
            "skipped": false
          }
        ],
        "suites": [
          {
            "uuid": "0012a627-f190-4ff7-9be0-3278490121ea",
            "title": "Workouts API unit test",
            "fullFile": "C:\\Users\\conno\\Desktop\\api-project\\test\\testWorkout.js",
            "file": "\\test\\testWorkout.js",
            "beforeHooks": [],
            "afterHooks": [],
            "tests": [
              {
                "title": "should not return collection of JSON documents when there is no authorization",
                "fullTitle": "Workouts API unit test Workouts API unit test should not return collection of JSON documents when there is no authorization",
                "timedOut": false,
                "duration": 5,
                "state": "passed",
                "speed": "fast",
                "pass": true,
                "fail": false,
                "pending": false,
                "code": "(0, _supertest2.default)(_app.app).get('/api/workouts')\n//.set('Authorization', 'BEARER eyJhbGciOiJIUzI1NiJ9.Y29ubm9y.0ZtAOqXptUFcMQOohJokS-x1GGw0pJRotjnOjKZFlug')\n.expect('Content-type', /json/).expect(401).end(function (err, res) {\n  res.status.should.equal(401);\n  done();\n});",
                "err": {},
                "isRoot": false,
                "uuid": "7b195bf3-bea1-4e02-b4ab-90f77902f05d",
                "isHook": false,
                "skipped": false
              }
            ],
            "suites": [],
            "passes": [
              "7b195bf3-bea1-4e02-b4ab-90f77902f05d"
            ],
            "failures": [],
            "pending": [],
            "skipped": [],
            "duration": 5,
            "root": false,
            "rootEmpty": false,
            "_timeout": 120000
          }
        ],
        "passes": [
          "8517a7d0-69ca-4fa7-be0f-a4698f456b18",
          "baeed6fb-e5aa-4467-a840-e2940a751d11"
        ],
        "failures": [
          "ddd6c20b-e1cf-4da2-b72e-0e80a3dc948c",
          "ed676b14-4f4c-49c3-833c-bd6fd5453c6a"
        ],
        "pending": [],
        "skipped": [],
        "duration": null,
        "root": false,
        "rootEmpty": false,
        "_timeout": 120000
      }
    ],
    "passes": [],
    "failures": [],
    "pending": [],
    "skipped": [],
    "duration": 0,
    "root": true,
    "rootEmpty": true,
    "_timeout": 2000
  },
  "copyrightYear": 2018
}