{
  "stats": {
    "suites": 2,
    "tests": 5,
    "passes": 5,
    "pending": 0,
    "failures": 0,
    "start": "2018-05-22T09:16:25.355Z",
    "end": "2018-05-22T09:16:32.889Z",
    "duration": 7534,
    "testsRegistered": 5,
    "passPercent": 100,
    "pendingPercent": 0,
    "other": 0,
    "hasOther": false,
    "skipped": 0,
    "hasSkipped": false,
    "passPercentClass": "success",
    "pendingPercentClass": "danger"
  },
  "suites": {
    "uuid": "540b0020-defa-401a-a7fb-7ec7d10dbc24",
    "title": "",
    "fullFile": "",
    "file": "",
    "beforeHooks": [],
    "afterHooks": [],
    "tests": [
      {
        "title": "should add a workout",
        "fullTitle": "should add a workout",
        "timedOut": false,
        "duration": 6933,
        "state": "passed",
        "speed": "slow",
        "pass": true,
        "fail": false,
        "pending": false,
        "code": "this.timeout(1200000);\n(0, _supertest2.default)(_app.app).post('/api/workouts').set('Authorization', 'BEARER eyJhbGciOiJIUzI1NiJ9.Y29ubm9y.0ZtAOqXptUFcMQOohJokS-x1GGw0pJRotjnOjKZFlug').send({ workoutName: 'Jims Back Workout', trainer: 'Jimmy Cricket', exercise1: 'Wide Grip Pull Ups', exercise2: 'Deadlifts', difficulty: 'Beginner', timeInMins: 60 }).expect('Content-type', /json/).expect(201).end(function (err, res) {\n  res.status.should.equal(201);\n  res.body.should.have.property('_id');\n  res.body.workoutName.should.equal('Jims Back Workout');\n  done();\n});",
        "err": {},
        "isRoot": true,
        "uuid": "06ec60b6-9a19-42e2-9fc8-a09632de2551",
        "isHook": false,
        "skipped": false
      }
    ],
    "suites": [
      {
        "uuid": "089f0223-1888-4acd-8ec0-87ff04ca1157",
        "title": "Users API unit test",
        "fullFile": "C:\\Users\\conno\\Desktop\\api-project\\test\\testUsers.js",
        "file": "\\test\\testUsers.js",
        "beforeHooks": [],
        "afterHooks": [],
        "tests": [
          {
            "title": "should return collection of JSON documents",
            "fullTitle": "Users API unit test should return collection of JSON documents",
            "timedOut": false,
            "duration": 10,
            "state": "passed",
            "speed": "fast",
            "pass": true,
            "fail": false,
            "pending": false,
            "code": "(0, _supertest2.default)(_app.app).get('/api/users').expect('Content-type', /json/).expect(200) // This is the HTTP response\n.end(function (err, res) {\n  res.status.should.equal(200);\n  done();\n});",
            "err": {},
            "isRoot": false,
            "uuid": "4f7bb04b-9754-4be8-a834-539bf4344ffe",
            "isHook": false,
            "skipped": false
          },
          {
            "title": "should register a user",
            "fullTitle": "Users API unit test should register a user",
            "timedOut": false,
            "duration": 268,
            "state": "passed",
            "speed": "slow",
            "pass": true,
            "fail": false,
            "pending": false,
            "code": "(0, _supertest2.default)(_app.app).post('/api/users').query({ action: 'register' }).send({ username: 'jimmy', password: 'football' }).expect('Content-type', /json/).expect(201).end(function (err, res) {\n  res.status.should.equal(201);\n  res.body.success.should.equal(true);\n  done();\n});",
            "err": {},
            "isRoot": false,
            "uuid": "0e91c03c-0d59-428e-b8e5-e739acd9062e",
            "isHook": false,
            "skipped": false
          },
          {
            "title": "should authenticate a user",
            "fullTitle": "Users API unit test should authenticate a user",
            "timedOut": false,
            "duration": 264,
            "state": "passed",
            "speed": "slow",
            "pass": true,
            "fail": false,
            "pending": false,
            "code": "(0, _supertest2.default)(_app.app).post('/api/users').send({ username: 'connor', password: 'cat' }).expect('Content-type', /json/).expect(201).end(function (err, res) {\n  res.status.should.equal(200);\n  res.body.token.substring(0, 3).should.equal('JWT');\n  done();\n});",
            "err": {},
            "isRoot": false,
            "uuid": "c04540de-ea31-4ede-99e2-808d25dcdc9b",
            "isHook": false,
            "skipped": false
          }
        ],
        "suites": [],
        "passes": [
          "4f7bb04b-9754-4be8-a834-539bf4344ffe",
          "0e91c03c-0d59-428e-b8e5-e739acd9062e",
          "c04540de-ea31-4ede-99e2-808d25dcdc9b"
        ],
        "failures": [],
        "pending": [],
        "skipped": [],
        "duration": 542,
        "root": false,
        "rootEmpty": false,
        "_timeout": 120000
      },
      {
        "uuid": "47c4e670-03e8-49f6-ac05-a529b2de1d5c",
        "title": "Workouts API unit test",
        "fullFile": "C:\\Users\\conno\\Desktop\\api-project\\test\\testWorkout.js",
        "file": "\\test\\testWorkout.js",
        "beforeHooks": [],
        "afterHooks": [],
        "tests": [
          {
            "title": "should return collection of JSON documents",
            "fullTitle": "Workouts API unit test should return collection of JSON documents",
            "timedOut": false,
            "duration": 11,
            "state": "passed",
            "speed": "fast",
            "pass": true,
            "fail": false,
            "pending": false,
            "code": "(0, _supertest2.default)(_app.app).get('/api/workouts').set('Authorization', 'BEARER eyJhbGciOiJIUzI1NiJ9.Y29ubm9y.0ZtAOqXptUFcMQOohJokS-x1GGw0pJRotjnOjKZFlug').expect('Content-type', /json/).expect(200).end(function (err, res) {\n  res.status.should.equal(200);\n  done();\n});",
            "err": {},
            "isRoot": false,
            "uuid": "dd2f4778-f476-4bb7-8619-e91f9abb8af8",
            "isHook": false,
            "skipped": false
          }
        ],
        "suites": [],
        "passes": [
          "dd2f4778-f476-4bb7-8619-e91f9abb8af8"
        ],
        "failures": [],
        "pending": [],
        "skipped": [],
        "duration": 11,
        "root": false,
        "rootEmpty": false,
        "_timeout": 120000
      }
    ],
    "passes": [
      "06ec60b6-9a19-42e2-9fc8-a09632de2551"
    ],
    "failures": [],
    "pending": [],
    "skipped": [],
    "duration": 6933,
    "root": true,
    "rootEmpty": false,
    "_timeout": 2000
  },
  "copyrightYear": 2018
}