{
  "stats": {
    "suites": 2,
    "tests": 7,
    "passes": 5,
    "pending": 0,
    "failures": 2,
    "start": "2018-05-20T11:38:32.797Z",
    "end": "2018-05-20T11:38:43.109Z",
    "duration": 10312,
    "testsRegistered": 7,
    "passPercent": 71.4,
    "pendingPercent": 0,
    "other": 0,
    "hasOther": false,
    "skipped": 0,
    "hasSkipped": false,
    "passPercentClass": "warning",
    "pendingPercentClass": "danger"
  },
  "suites": {
    "uuid": "e81a1953-563b-49a1-bf84-3e6eb42856d8",
    "title": "",
    "fullFile": "",
    "file": "",
    "beforeHooks": [],
    "afterHooks": [],
    "tests": [
      {
        "title": "should add a workout",
        "fullTitle": "should add a workout",
        "timedOut": false,
        "duration": 9228,
        "state": "passed",
        "speed": "slow",
        "pass": true,
        "fail": false,
        "pending": false,
        "code": "this.timeout(1200000);\n(0, _supertest2.default)(_app.app).post('/api/workouts').set('Authorization', 'BEARER eyJhbGciOiJIUzI1NiJ9.Y29ubm9y.0ZtAOqXptUFcMQOohJokS-x1GGw0pJRotjnOjKZFlug').send({ workoutName: 'Jims Back Workout', trainer: 'Jimmy Cricket', exercise1: 'Wide Grip Pull Ups', exercise2: 'Deadlifts', difficulty: 'Beginner', timeInMins: 60 }).expect('Content-type', /json/).expect(201).end(function (err, res) {\n  res.status.should.equal(201);\n  res.body.should.have.property('_id');\n  res.body.workoutName.should.equal('Jims Back Workout');\n  done();\n});",
        "err": {},
        "isRoot": true,
        "uuid": "a7433def-5b0a-4020-ac5c-b4df2da28977",
        "isHook": false,
        "skipped": false
      },
      {
        "title": "should delete workout",
        "fullTitle": "should delete workout",
        "timedOut": false,
        "duration": 0,
        "state": "failed",
        "pass": false,
        "fail": true,
        "pending": false,
        "code": "var superserver = (0, _supertest2.default)(_app.app);\nsuperserver.get('/api/workouts').set('Authorization', 'BEARER eyJhbGciOiJIUzI1NiJ9.Y29ubm9y.0ZtAOqXptUFcMQOohJokS-x1GGw0pJRotjnOjKZFlug').expect('Content-type', /json/).expect(200).expect('Content-type', /json/).expect(200) // This is HTTP response\n.end(function (err, res) {\n  var id = res.body[0]._id;\n  superserver.delete('/api/workouts/' + id).expect('Content-type', /json/).expect(200).expect(200) // This is HTTP response\n  .end(function (err, res) {\n    res.status.should.equal(204);\n    done();\n  });\n});",
        "err": {
          "message": "AssertionError: expected 401 to be 204",
          "estack": "AssertionError: expected 401 to be 204\n    at Assertion.fail (node_modules\\should\\cjs\\should.js:275:17)\n    at Assertion.value (node_modules\\should\\cjs\\should.js:356:19)\n    at Test.<anonymous> (C:/Users/conno/Desktop/api-project/test/testWorkout.js:59:36)\n    at Test.assert (node_modules\\supertest\\lib\\test.js:179:6)\n    at Server.assert (node_modules\\supertest\\lib\\test.js:131:12)\n    at emitCloseNT (net.js:1655:8)\n    at _combinedTickCallback (internal/process/next_tick.js:135:11)\n    at process._tickCallback (internal/process/next_tick.js:180:9)",
          "diff": "- 401\n+ 204\n"
        },
        "isRoot": true,
        "uuid": "b3d29532-9c1d-4c61-a45d-6b187fce7fe5",
        "isHook": false,
        "skipped": false
      },
      {
        "title": "should update a workout",
        "fullTitle": "should update a workout",
        "timedOut": false,
        "duration": 0,
        "state": "failed",
        "pass": false,
        "fail": true,
        "pending": false,
        "code": "this.timeout(120000);\nvar superserver = (0, _supertest2.default)(_app.app);\nsuperserver.get('/api/workouts').set('Authorization', 'BEARER eyJhbGciOiJIUzI1NiJ9.Y29ubm9y.0ZtAOqXptUFcMQOohJokS-x1GGw0pJRotjnOjKZFlug').expect('Content-type', /json/).expect(200).expect('Content-type', /json/).expect(200).end(function (err, res) {\n  var id = res.body[0]._id;\n  superserver.put('/api/workouts/' + id).send({ difficulty: 'Intermediate' }).expect('Content-type', /json/).expect(201).end(function (err, res) {\n    res.status.should.equal(201);\n    res.body.difficulty.should.equal('Intermediate');\n    done();\n  });\n});",
        "err": {
          "message": "AssertionError: expected 401 to be 201",
          "estack": "AssertionError: expected 401 to be 201\n    at Assertion.fail (node_modules\\should\\cjs\\should.js:275:17)\n    at Assertion.value (node_modules\\should\\cjs\\should.js:356:19)\n    at Test.<anonymous> (C:/Users/conno/Desktop/api-project/test/testWorkout.js:88:26)\n    at Test.assert (node_modules\\supertest\\lib\\test.js:179:6)\n    at Server.assert (node_modules\\supertest\\lib\\test.js:131:12)\n    at emitCloseNT (net.js:1655:8)\n    at _combinedTickCallback (internal/process/next_tick.js:135:11)\n    at process._tickCallback (internal/process/next_tick.js:180:9)",
          "diff": "- 401\n+ 201\n"
        },
        "isRoot": true,
        "uuid": "bb78f699-c5b4-4a9e-9117-9f5cf01187c6",
        "isHook": false,
        "skipped": false
      }
    ],
    "suites": [
      {
        "uuid": "70d1a2b3-d780-459d-a0cb-c0f7f975fd74",
        "title": "Users API unit test",
        "fullFile": "C:\\Users\\conno\\Desktop\\api-project\\test\\testUsers.js",
        "file": "\\test\\testUsers.js",
        "beforeHooks": [],
        "afterHooks": [],
        "tests": [
          {
            "title": "should return collection of JSON documents",
            "fullTitle": "Users API unit test should return collection of JSON documents",
            "timedOut": false,
            "duration": 8,
            "state": "passed",
            "speed": "fast",
            "pass": true,
            "fail": false,
            "pending": false,
            "code": "(0, _supertest2.default)(_app.app).get('/api/users').expect('Content-type', /json/).expect(200) // This is the HTTP response\n.end(function (err, res) {\n  res.status.should.equal(200);\n  done();\n});",
            "err": {},
            "isRoot": false,
            "uuid": "1ad8c5ca-bd02-482f-8ced-d9e66ab5a4a5",
            "isHook": false,
            "skipped": false
          },
          {
            "title": "should register a user",
            "fullTitle": "Users API unit test should register a user",
            "timedOut": false,
            "duration": 522,
            "state": "passed",
            "speed": "slow",
            "pass": true,
            "fail": false,
            "pending": false,
            "code": "(0, _supertest2.default)(_app.app).post('/api/users').query({ action: 'register' }).send({ username: 'jimmy', password: 'football' }).expect('Content-type', /json/).expect(201).end(function (err, res) {\n  res.status.should.equal(201);\n  res.body.success.should.equal(true);\n  done();\n});",
            "err": {},
            "isRoot": false,
            "uuid": "94fbedfa-b629-4bfc-9bca-50fb3143e02e",
            "isHook": false,
            "skipped": false
          },
          {
            "title": "should authenticate a user",
            "fullTitle": "Users API unit test should authenticate a user",
            "timedOut": false,
            "duration": 313,
            "state": "passed",
            "speed": "slow",
            "pass": true,
            "fail": false,
            "pending": false,
            "code": "(0, _supertest2.default)(_app.app).post('/api/users').send({ username: 'connor', password: 'cat' }).expect('Content-type', /json/).expect(201).end(function (err, res) {\n  res.status.should.equal(200);\n  res.body.token.substring(0, 3).should.equal('JWT');\n  done();\n});",
            "err": {},
            "isRoot": false,
            "uuid": "56a181ff-3122-4aed-9b07-c5154416d0ac",
            "isHook": false,
            "skipped": false
          }
        ],
        "suites": [],
        "passes": [
          "1ad8c5ca-bd02-482f-8ced-d9e66ab5a4a5",
          "94fbedfa-b629-4bfc-9bca-50fb3143e02e",
          "56a181ff-3122-4aed-9b07-c5154416d0ac"
        ],
        "failures": [],
        "pending": [],
        "skipped": [],
        "duration": 843,
        "root": false,
        "rootEmpty": false,
        "_timeout": 120000
      },
      {
        "uuid": "fc12f360-55eb-4f23-ba63-3e5bbca70ab2",
        "title": "Workouts API unit test",
        "fullFile": "C:\\Users\\conno\\Desktop\\api-project\\test\\testWorkout.js",
        "file": "\\test\\testWorkout.js",
        "beforeHooks": [],
        "afterHooks": [],
        "tests": [
          {
            "title": "should return collection of JSON documents",
            "fullTitle": "Workouts API unit test should return collection of JSON documents",
            "timedOut": false,
            "duration": 13,
            "state": "passed",
            "speed": "fast",
            "pass": true,
            "fail": false,
            "pending": false,
            "code": "(0, _supertest2.default)(_app.app).get('/api/workouts').set('Authorization', 'BEARER eyJhbGciOiJIUzI1NiJ9.Y29ubm9y.0ZtAOqXptUFcMQOohJokS-x1GGw0pJRotjnOjKZFlug').expect('Content-type', /json/).expect(200).end(function (err, res) {\n  res.status.should.equal(200);\n  done();\n});",
            "err": {},
            "isRoot": false,
            "uuid": "003bd960-ae2e-4fb1-ae58-1a2f3d91dcfd",
            "isHook": false,
            "skipped": false
          }
        ],
        "suites": [],
        "passes": [
          "003bd960-ae2e-4fb1-ae58-1a2f3d91dcfd"
        ],
        "failures": [],
        "pending": [],
        "skipped": [],
        "duration": 13,
        "root": false,
        "rootEmpty": false,
        "_timeout": 120000
      }
    ],
    "passes": [
      "a7433def-5b0a-4020-ac5c-b4df2da28977"
    ],
    "failures": [
      "b3d29532-9c1d-4c61-a45d-6b187fce7fe5",
      "bb78f699-c5b4-4a9e-9117-9f5cf01187c6"
    ],
    "pending": [],
    "skipped": [],
    "duration": null,
    "root": true,
    "rootEmpty": false,
    "_timeout": 2000
  },
  "copyrightYear": 2018
}